[     178ms] [ERROR] Mixed Content: The page at 'https://fgk.chinatax.gov.cn/zcfgk/c100028/zcwj.html?siteCode=bm29000002&searchWord=2023%E5%B9%B4%E7%AC%AC7%E5%8F%B7%20%E7%A0%94%E5%8F%91%E8%B4%B9%E7%94%A8&type=&pageSize=10&pageNum=0&orderBy=5&column=%E6%94%BF%E7%AD%96%E6%B3%95%E8%A7%84&label=&likeDoc=0&wordPlace=0&indexCode=1&participleRule=5&userName=' was loaded over HTTPS, but requested an insecure script 'http://api.govwza.cn/cniil/assist.js?sid=2999&pos=left&bar=0'. This request has been blocked; the content must be served over HTTPS. @ https://fgk.chinatax.gov.cn/zcfgk/c100028/zcwj.html?siteCode=bm29000002&searchWord=2023%E5%B9%B4%E7%AC%AC7%E5%8F%B7%20%E7%A0%94%E5%8F%91%E8%B4%B9%E7%94%A8&type=&pageSize=10&pageNum=0&orderBy=5&column=%E6%94%BF%E7%AD%96%E6%B3%95%E8%A7%84&label=&likeDoc=0&wordPlace=0&indexCode=1&participleRule=5&userName=:0
[     227ms] [LOG] 1:yeefx 易分析SDK版本 = 20230824 @ https://fxsjcj.kaipuyun.cn/yeefxkpycount.js:0
[     227ms] [LOG] 2:yeefx 站点id = 10009148, cookie = 20260710223650003130298852963105, pageid = 1783694260628427 @ https://fxsjcj.kaipuyun.cn/yeefxkpycount.js:0
[     229ms] [LOG] 3:yeefx 5 < 5 体验概率不满足 @ https://fxsjcj.kaipuyun.cn/yeefxkpycount.js:0
[    4114ms] [LOG] 123 @ https://fgk.chinatax.gov.cn/zcfgk/xhtml/js/getSearch.js:329
[   25703ms] [ERROR] Mixed Content: The page at 'https://fgk.chinatax.gov.cn/zcfgk/c100028/zcwj.html?siteCode=bm29000002&searchWord=%E7%A0%94%E5%8F%91%E8%B4%B9%E7%94%A8%E5%8A%A0%E8%AE%A1%E6%89%A3%E9%99%A4&type=&pageSize=10&pageNum=0&orderBy=5&column=%E6%94%BF%E7%AD%96%E6%B3%95%E8%A7%84,%E6%94%BF%E7%AD%96%E8%A7%A3%E8%AF%BB,%E6%94%BF%E7%AD%96%E6%8C%87%E5%BC%95&label=%E6%96%87%E5%AD%97%E6%94%BF%E7%AD%96%E8%A7%A3%E8%AF%BB,%E6%B3%95%E5%BE%8B,%E8%A1%8C%E6%94%BF%E6%B3%95%E8%A7%84,%E5%9B%BD%E5%8A%A1%E9%99%A2%E6%96%87%E4%BB%B6,%E7%A8%8E%E5%8A%A1%E9%83%A8%E9%97%A8%E8%A7%84%E7%AB%A0,%E7%A8%8E%E5%8A%A1%E8%A7%84%E8%8C%83%E6%80%A7%E6%96%87%E4%BB%B6,%E8%B4%A2%E7%A8%8E%E6%96%87%E4%BB%B6,%E5%85%B6%E4%BB%96%E6%96%87%4%B6%EF%BC%8C%E5%B7%A5%E4%BD%9C%E9%80%9A%E7%9F%A5,%E6%94%BF%E7%AD%96%E6%8C%87%E5%BC%95&likeDoc=0&wordPlace=0&indexCode=1&participleRule=5&userName=' was loaded over HTTPS, but requested an insecure script 'http://api.govwza.cn/cniil/assist.js?sid=2999&pos=left&bar=0'. This request has been blocked; the content must be served over HTTPS. @ https://fgk.chinatax.gov.cn/zcfgk/c100028/zcwj.html?siteCode=bm29000002&searchWord=%E7%A0%94%E5%8F%91%E8%B4%B9%E7%94%A8%E5%8A%A0%E8%AE%A1%E6%89%A3%E9%99%A4&type=&pageSize=10&pageNum=0&orderBy=5&column=%E6%94%BF%E7%AD%96%E6%B3%95%E8%A7%84,%E6%94%BF%E7%AD%96%E8%A7%A3%E8%AF%BB,%E6%94%BF%E7%AD%96%E6%8C%87%E5%BC%95&label=%E6%96%87%E5%AD%97%E6%94%BF%E7%AD%96%E8%A7%A3%E8%AF%BB,%E6%B3%95%E5%BE%8B,%E8%A1%8C%E6%94%BF%E6%B3%95%E8%A7%84,%E5%9B%BD%E5%8A%A1%E9%99%A2%E6%96%87%E4%BB%B6,%E7%A8%8E%E5%8A%A1%E9%83%A8%E9%97%A8%E8%A7%84%E7%AB%A0,%E7%A8%8E%E5%8A%A1%E8%A7%84%E8%8C%83%E6%80%A7%E6%96%87%E4%BB%B6,%E8%B4%A2%E7%A8%8E%E6%96%87%E4%BB%B6,%E5%85%B6%E4%BB%96%E6%96%87%4%B6%EF%BC%8C%E5%B7%A5%E4%BD%9C%E9%80%9A%E7%9F%A5,%E6%94%BF%E7%AD%96%E6%8C%87%E5%BC%95&likeDoc=0&wordPlace=0&indexCode=1&participleRule=5&userName=:0
[   25728ms] [WARNING] jQuery.Deferred exception: URI malformed URIError: URI malformed
    at decodeURI (<anonymous>)
    at Object.search (https://fgk.chinatax.gov.cn/zcfgk/xhtml/js/getSearch.js:101:37)
    at Object.init (https://fgk.chinatax.gov.cn/zcfgk/xhtml/js/getSearch.js:63:18)
    at HTMLDocument.<anonymous> (https://fgk.chinatax.gov.cn/zcfgk/xhtml/js/getSearch.js:788:17)
    at e (https://fgk.chinatax.gov.cn/zcfgk/xhtml/lib/jquery.min.js:2:30005)
    at t (https://fgk.chinatax.gov.cn/zcfgk/xhtml/lib/jquery.min.js:2:30307) undefined @ https://fgk.chinatax.gov.cn/zcfgk/xhtml/lib/jquery.min.js:1
[   25739ms] URIError: URI malformed
    at decodeURI (<anonymous>)
    at Object.search (https://fgk.chinatax.gov.cn/zcfgk/xhtml/js/getSearch.js:101:37)
    at Object.init (https://fgk.chinatax.gov.cn/zcfgk/xhtml/js/getSearch.js:63:18)
    at HTMLDocument.<anonymous> (https://fgk.chinatax.gov.cn/zcfgk/xhtml/js/getSearch.js:788:17)
    at e (https://fgk.chinatax.gov.cn/zcfgk/xhtml/lib/jquery.min.js:2:30005)
    at t (https://fgk.chinatax.gov.cn/zcfgk/xhtml/lib/jquery.min.js:2:30307)
[   25730ms] [LOG] 1:yeefx 易分析SDK版本 = 20230824 @ https://fxsjcj.kaipuyun.cn/yeefxkpycount.js:0
[   25730ms] [LOG] 2:yeefx 站点id = 10009148, cookie = 20260710223650003130298852963105, pageid = 1783694286131685 @ https://fxsjcj.kaipuyun.cn/yeefxkpycount.js:0
[   25732ms] [LOG] 3:yeefx 5 < 5 体验概率不满足 @ https://fxsjcj.kaipuyun.cn/yeefxkpycount.js:0
[   59674ms] [ERROR] Mixed Content: The page at 'https://fgk.chinatax.gov.cn/zcfgk/c100028/zcwj.html?siteCode=bm29000002&searchWord=%E7%A0%94%E5%8F%91%E8%B4%B9%E7%94%A8%E5%8A%A0%E8%AE%A1%E6%89%A3%E9%99%A4&type=&pageSize=10&pageNum=0&orderBy=5&column=%E6%94%BF%E7%AD%96%E6%B3%95%E8%A7%84,%E6%94%BF%E7%AD%96%E8%A7%A3%E8%AF%BB,%E6%94%BF%E7%AD%96%E6%8C%87%E5%BC%95&label=%E6%96%87%E5%AD%97%E6%94%BF%E7%AD%96%E8%A7%A3%E8%AF%BB,%E6%B3%95%E5%BE%8B,%E8%A1%8C%E6%94%BF%E6%B3%95%E8%A7%84,%E5%9B%BD%E5%8A%A1%E9%99%A2%E6%96%87%E4%BB%B6,%E7%A8%8E%E5%8A%A1%E9%83%A8%E9%97%A8%E8%A7%84%E7%AB%A0,%E7%A8%8E%E5%8A%A1%E8%A7%84%E8%8C%83%E6%80%A7%E6%96%87%E4%BB%B6,%E8%B4%A2%E7%A8%8E%E6%96%87%E4%BB%B6,%E5%85%B6%E4%BB%96%E6%96%87%4%B6%EF%BC%8C%E5%B7%A5%E4%BD%9C%E9%80%9A%E7%9F%A5,%E6%94%BF%E7%AD%96%E6%8C%87%E5%BC%95&likeDoc=0&wordPlace=0&indexCode=1&participleRule=5&userName=' was loaded over HTTPS, but requested an insecure script 'http://api.govwza.cn/cniil/assist.js?sid=2999&pos=left&bar=0'. This request has been blocked; the content must be served over HTTPS. @ https://fgk.chinatax.gov.cn/zcfgk/c100028/zcwj.html?siteCode=bm29000002&searchWord=%E7%A0%94%E5%8F%91%E8%B4%B9%E7%94%A8%E5%8A%A0%E8%AE%A1%E6%89%A3%E9%99%A4&type=&pageSize=10&pageNum=0&orderBy=5&column=%E6%94%BF%E7%AD%96%E6%B3%95%E8%A7%84,%E6%94%BF%E7%AD%96%E8%A7%A3%E8%AF%BB,%E6%94%BF%E7%AD%96%E6%8C%87%E5%BC%95&label=%E6%96%87%E5%AD%97%E6%94%BF%E7%AD%96%E8%A7%A3%E8%AF%BB,%E6%B3%95%E5%BE%8B,%E8%A1%8C%E6%94%BF%E6%B3%95%E8%A7%84,%E5%9B%BD%E5%8A%A1%E9%99%A2%E6%96%87%E4%BB%B6,%E7%A8%8E%E5%8A%A1%E9%83%A8%E9%97%A8%E8%A7%84%E7%AB%A0,%E7%A8%8E%E5%8A%A1%E8%A7%84%E8%8C%83%E6%80%A7%E6%96%87%E4%BB%B6,%E8%B4%A2%E7%A8%8E%E6%96%87%E4%BB%B6,%E5%85%B6%E4%BB%96%E6%96%87%4%B6%EF%BC%8C%E5%B7%A5%E4%BD%9C%E9%80%9A%E7%9F%A5,%E6%94%BF%E7%AD%96%E6%8C%87%E5%BC%95&likeDoc=0&wordPlace=0&indexCode=1&participleRule=5&userName=:0
[   59708ms] [WARNING] jQuery.Deferred exception: URI malformed URIError: URI malformed
    at decodeURI (<anonymous>)
    at Object.search (https://fgk.chinatax.gov.cn/zcfgk/xhtml/js/getSearch.js:101:37)
    at Object.init (https://fgk.chinatax.gov.cn/zcfgk/xhtml/js/getSearch.js:63:18)
    at HTMLDocument.<anonymous> (https://fgk.chinatax.gov.cn/zcfgk/xhtml/js/getSearch.js:788:17)
    at e (https://fgk.chinatax.gov.cn/zcfgk/xhtml/lib/jquery.min.js:2:30005)
    at t (https://fgk.chinatax.gov.cn/zcfgk/xhtml/lib/jquery.min.js:2:30307) undefined @ https://fgk.chinatax.gov.cn/zcfgk/xhtml/lib/jquery.min.js:1
[   59715ms] URIError: URI malformed
    at decodeURI (<anonymous>)
    at Object.search (https://fgk.chinatax.gov.cn/zcfgk/xhtml/js/getSearch.js:101:37)
    at Object.init (https://fgk.chinatax.gov.cn/zcfgk/xhtml/js/getSearch.js:63:18)
    at HTMLDocument.<anonymous> (https://fgk.chinatax.gov.cn/zcfgk/xhtml/js/getSearch.js:788:17)
    at e (https://fgk.chinatax.gov.cn/zcfgk/xhtml/lib/jquery.min.js:2:30005)
    at t (https://fgk.chinatax.gov.cn/zcfgk/xhtml/lib/jquery.min.js:2:30307)
[   59726ms] [LOG] 1:yeefx 易分析SDK版本 = 20230824 @ https://fxsjcj.kaipuyun.cn/yeefxkpycount.js:0
[   59726ms] [LOG] 2:yeefx 站点id = 10009148, cookie = 20260710223650003130298852963105, pageid = 1783694320126540 @ https://fxsjcj.kaipuyun.cn/yeefxkpycount.js:0
[   59729ms] [LOG] 3:yeefx 5 < 5 体验概率不满足 @ https://fxsjcj.kaipuyun.cn/yeefxkpycount.js:0
